<?xml version="1.0" encoding="UTF-8"?>
<!-- Generated by org.testng.reporters.JUnitXMLReporter -->
<testsuite hostname="HOME-PC" ignored="0" name="RegistrationTests" tests="9" failures="0" timestamp="20 авг 2022 08:14:00 GMT" time="21.644" errors="0">
  <testcase name="checkValidationForFirstNameInput" time="1.173" classname="tests.registration.RegistrationTests"/>
  <testcase name="checkValidationForFirstNameInput" time="0.484" classname="tests.registration.RegistrationTests"/>
  <testcase name="checkValidationForFirstNameInput" time="0.444" classname="tests.registration.RegistrationTests"/>
  <testcase name="checkValidationForFirstNameInput" time="0.392" classname="tests.registration.RegistrationTests"/>
  <testcase name="checkValidationForLastNameInput" time="0.381" classname="tests.registration.RegistrationTests"/>
  <testcase name="checkValidationForLastNameInput" time="0.464" classname="tests.registration.RegistrationTests"/>
  <testcase name="checkValidationForLastNameInput" time="0.417" classname="tests.registration.RegistrationTests"/>
  <testcase name="checkValidationForLastNameInput" time="0.443" classname="tests.registration.RegistrationTests"/>
  <testcase name="verifySuccessfulCustomerRegistration" time="1.388" classname="tests.registration.RegistrationTests"/>
</testsuite> <!-- RegistrationTests -->
