<?xml version="1.0" encoding="UTF-8"?>
<!-- Generated by org.testng.reporters.JUnitXMLReporter -->
<testsuite hostname="HOME-PC" ignored="0" name="RegistrationTests" tests="4" failures="0" timestamp="10 июл 2022 11:35:16 GMT" time="13.669" errors="0">
  <testcase name="checkValidationForFirstNameInput" time="0.952" classname="tests.registration.RegistrationTests"/>
  <testcase name="checkValidationForFirstNameInput" time="0.954" classname="tests.registration.RegistrationTests"/>
  <testcase name="checkValidationForFirstNameInput" time="0.751" classname="tests.registration.RegistrationTests"/>
  <testcase name="verifySuccessfulCustomerRegistration" time="1.611" classname="tests.registration.RegistrationTests"/>
</testsuite> <!-- RegistrationTests -->
