<?xml version="1.0" encoding="UTF-8"?>
<testng-results skipped="0" failed="0" ignored="0" total="1" passed="1">
  <reporter-output>
  </reporter-output>
  <suite name="RegistrationTests" duration-ms="5948" started-at="2022-07-10T08:01:33Z" finished-at="2022-07-10T08:01:39Z">
    <groups>
    </groups>
    <test name="RegistrationTests" duration-ms="5948" started-at="2022-07-10T08:01:33Z" finished-at="2022-07-10T08:01:39Z">
      <class name="tests.registration.RegistrationTests">
        <test-method status="PASS" signature="setUp()[pri:0, instance:tests.registration.RegistrationTests@6e16b8b5]" name="setUp" is-config="true" duration-ms="7251" started-at="2022-07-10T08:01:26Z" finished-at="2022-07-10T08:01:33Z">
          <reporter-output>
          </reporter-output>
        </test-method> <!-- setUp -->
        <test-method status="PASS" signature="beforeMethod()[pri:0, instance:tests.registration.RegistrationTests@6e16b8b5]" name="beforeMethod" is-config="true" duration-ms="4377" started-at="2022-07-10T08:01:33Z" finished-at="2022-07-10T08:01:38Z">
          <reporter-output>
          </reporter-output>
        </test-method> <!-- beforeMethod -->
        <test-method status="PASS" signature="verifySuccessfulCustomerRegistration()[pri:0, instance:tests.registration.RegistrationTests@6e16b8b5]" name="verifySuccessfulCustomerRegistration" duration-ms="1213" started-at="2022-07-10T08:01:38Z" finished-at="2022-07-10T08:01:39Z">
          <reporter-output>
          </reporter-output>
        </test-method> <!-- verifySuccessfulCustomerRegistration -->
        <test-method status="PASS" signature="clearCookiesAndLocalStorage()[pri:0, instance:tests.registration.RegistrationTests@6e16b8b5]" name="clearCookiesAndLocalStorage" is-config="true" duration-ms="41" started-at="2022-07-10T08:01:39Z" finished-at="2022-07-10T08:01:39Z">
          <reporter-output>
          </reporter-output>
        </test-method> <!-- clearCookiesAndLocalStorage -->
        <test-method status="PASS" signature="afterSuite()[pri:0, instance:tests.registration.RegistrationTests@6e16b8b5]" name="afterSuite" is-config="true" duration-ms="1840" started-at="2022-07-10T08:01:39Z" finished-at="2022-07-10T08:01:41Z">
          <reporter-output>
          </reporter-output>
        </test-method> <!-- afterSuite -->
      </class> <!-- tests.registration.RegistrationTests -->
    </test> <!-- RegistrationTests -->
  </suite> <!-- RegistrationTests -->
</testng-results>
