<?xml version="1.0" encoding="UTF-8"?>
<testng-results skipped="0" failed="0" ignored="0" total="9" passed="9">
  <reporter-output>
  </reporter-output>
  <suite name="RegistrationTests" duration-ms="21644" started-at="2022-08-20T08:13:38Z" finished-at="2022-08-20T08:14:00Z">
    <groups>
    </groups>
    <test name="RegistrationTests" duration-ms="21644" started-at="2022-08-20T08:13:38Z" finished-at="2022-08-20T08:14:00Z">
      <class name="tests.registration.RegistrationTests">
        <test-method status="PASS" signature="setUp()[pri:0, instance:tests.registration.RegistrationTests@743cb8e0]" name="setUp" is-config="true" duration-ms="3122" started-at="2022-08-20T08:13:35Z" finished-at="2022-08-20T08:13:38Z">
          <reporter-output>
          </reporter-output>
        </test-method> <!-- setUp -->
        <test-method status="PASS" signature="beforeMethod()[pri:0, instance:tests.registration.RegistrationTests@743cb8e0]" name="beforeMethod" is-config="true" duration-ms="3304" started-at="2022-08-20T08:13:38Z" finished-at="2022-08-20T08:13:41Z">
          <reporter-output>
          </reporter-output>
        </test-method> <!-- beforeMethod -->
        <test-method status="PASS" signature="checkValidationForFirstNameInput(java.lang.String)[pri:0, instance:tests.registration.RegistrationTests@743cb8e0]" name="checkValidationForFirstNameInput" duration-ms="1173" started-at="2022-08-20T08:13:42Z" data-provider="validation" finished-at="2022-08-20T08:13:43Z">
          <params>
            <param index="0">
              <value>
                <![CDATA[abcdefghijklmnopqrstuvwxyz]]>
              </value>
            </param>
          </params>
          <reporter-output>
          </reporter-output>
        </test-method> <!-- checkValidationForFirstNameInput -->
        <test-method status="PASS" signature="beforeMethod()[pri:0, instance:tests.registration.RegistrationTests@743cb8e0]" name="beforeMethod" is-config="true" duration-ms="1430" started-at="2022-08-20T08:13:43Z" finished-at="2022-08-20T08:13:44Z">
          <reporter-output>
          </reporter-output>
        </test-method> <!-- beforeMethod -->
        <test-method status="PASS" signature="checkValidationForFirstNameInput(java.lang.String)[pri:0, instance:tests.registration.RegistrationTests@743cb8e0]" name="checkValidationForFirstNameInput" duration-ms="484" started-at="2022-08-20T08:13:44Z" data-provider="validation" finished-at="2022-08-20T08:13:45Z">
          <params>
            <param index="0">
              <value>
                <![CDATA[0123456789]]>
              </value>
            </param>
          </params>
          <reporter-output>
          </reporter-output>
        </test-method> <!-- checkValidationForFirstNameInput -->
        <test-method status="PASS" signature="beforeMethod()[pri:0, instance:tests.registration.RegistrationTests@743cb8e0]" name="beforeMethod" is-config="true" duration-ms="1065" started-at="2022-08-20T08:13:45Z" finished-at="2022-08-20T08:13:46Z">
          <reporter-output>
          </reporter-output>
        </test-method> <!-- beforeMethod -->
        <test-method status="PASS" signature="checkValidationForFirstNameInput(java.lang.String)[pri:0, instance:tests.registration.RegistrationTests@743cb8e0]" name="checkValidationForFirstNameInput" duration-ms="444" started-at="2022-08-20T08:13:46Z" data-provider="validation" finished-at="2022-08-20T08:13:46Z">
          <params>
            <param index="0">
              <value>
                <![CDATA[!@#$%^&*()_+=]]>
              </value>
            </param>
          </params>
          <reporter-output>
          </reporter-output>
        </test-method> <!-- checkValidationForFirstNameInput -->
        <test-method status="PASS" signature="beforeMethod()[pri:0, instance:tests.registration.RegistrationTests@743cb8e0]" name="beforeMethod" is-config="true" duration-ms="1426" started-at="2022-08-20T08:13:46Z" finished-at="2022-08-20T08:13:48Z">
          <reporter-output>
          </reporter-output>
        </test-method> <!-- beforeMethod -->
        <test-method status="PASS" signature="checkValidationForFirstNameInput(java.lang.String)[pri:0, instance:tests.registration.RegistrationTests@743cb8e0]" name="checkValidationForFirstNameInput" duration-ms="392" started-at="2022-08-20T08:13:48Z" data-provider="validation" finished-at="2022-08-20T08:13:48Z">
          <params>
            <param index="0">
              <value>
                <![CDATA[ ]]>
              </value>
            </param>
          </params>
          <reporter-output>
          </reporter-output>
        </test-method> <!-- checkValidationForFirstNameInput -->
        <test-method status="PASS" signature="beforeMethod()[pri:0, instance:tests.registration.RegistrationTests@743cb8e0]" name="beforeMethod" is-config="true" duration-ms="1522" started-at="2022-08-20T08:13:48Z" finished-at="2022-08-20T08:13:50Z">
          <reporter-output>
          </reporter-output>
        </test-method> <!-- beforeMethod -->
        <test-method status="PASS" signature="checkValidationForLastNameInput(java.lang.String)[pri:0, instance:tests.registration.RegistrationTests@743cb8e0]" name="checkValidationForLastNameInput" duration-ms="381" started-at="2022-08-20T08:13:50Z" data-provider="validation" finished-at="2022-08-20T08:13:50Z">
          <params>
            <param index="0">
              <value>
                <![CDATA[abcdefghijklmnopqrstuvwxyz]]>
              </value>
            </param>
          </params>
          <reporter-output>
          </reporter-output>
        </test-method> <!-- checkValidationForLastNameInput -->
        <test-method status="PASS" signature="beforeMethod()[pri:0, instance:tests.registration.RegistrationTests@743cb8e0]" name="beforeMethod" is-config="true" duration-ms="1308" started-at="2022-08-20T08:13:50Z" finished-at="2022-08-20T08:13:51Z">
          <reporter-output>
          </reporter-output>
        </test-method> <!-- beforeMethod -->
        <test-method status="PASS" signature="checkValidationForLastNameInput(java.lang.String)[pri:0, instance:tests.registration.RegistrationTests@743cb8e0]" name="checkValidationForLastNameInput" duration-ms="464" started-at="2022-08-20T08:13:51Z" data-provider="validation" finished-at="2022-08-20T08:13:52Z">
          <params>
            <param index="0">
              <value>
                <![CDATA[0123456789]]>
              </value>
            </param>
          </params>
          <reporter-output>
          </reporter-output>
        </test-method> <!-- checkValidationForLastNameInput -->
        <test-method status="PASS" signature="beforeMethod()[pri:0, instance:tests.registration.RegistrationTests@743cb8e0]" name="beforeMethod" is-config="true" duration-ms="1002" started-at="2022-08-20T08:13:52Z" finished-at="2022-08-20T08:13:53Z">
          <reporter-output>
          </reporter-output>
        </test-method> <!-- beforeMethod -->
        <test-method status="PASS" signature="checkValidationForLastNameInput(java.lang.String)[pri:0, instance:tests.registration.RegistrationTests@743cb8e0]" name="checkValidationForLastNameInput" duration-ms="417" started-at="2022-08-20T08:13:53Z" data-provider="validation" finished-at="2022-08-20T08:13:53Z">
          <params>
            <param index="0">
              <value>
                <![CDATA[!@#$%^&*()_+=]]>
              </value>
            </param>
          </params>
          <reporter-output>
          </reporter-output>
        </test-method> <!-- checkValidationForLastNameInput -->
        <test-method status="PASS" signature="beforeMethod()[pri:0, instance:tests.registration.RegistrationTests@743cb8e0]" name="beforeMethod" is-config="true" duration-ms="1414" started-at="2022-08-20T08:13:53Z" finished-at="2022-08-20T08:13:55Z">
          <reporter-output>
          </reporter-output>
        </test-method> <!-- beforeMethod -->
        <test-method status="PASS" signature="checkValidationForLastNameInput(java.lang.String)[pri:0, instance:tests.registration.RegistrationTests@743cb8e0]" name="checkValidationForLastNameInput" duration-ms="443" started-at="2022-08-20T08:13:55Z" data-provider="validation" finished-at="2022-08-20T08:13:55Z">
          <params>
            <param index="0">
              <value>
                <![CDATA[ ]]>
              </value>
            </param>
          </params>
          <reporter-output>
          </reporter-output>
        </test-method> <!-- checkValidationForLastNameInput -->
        <test-method status="PASS" signature="beforeMethod()[pri:0, instance:tests.registration.RegistrationTests@743cb8e0]" name="beforeMethod" is-config="true" duration-ms="3096" started-at="2022-08-20T08:13:55Z" finished-at="2022-08-20T08:13:58Z">
          <reporter-output>
          </reporter-output>
        </test-method> <!-- beforeMethod -->
        <test-method status="PASS" signature="verifySuccessfulCustomerRegistration()[pri:0, instance:tests.registration.RegistrationTests@743cb8e0]" name="verifySuccessfulCustomerRegistration" duration-ms="1388" started-at="2022-08-20T08:13:58Z" finished-at="2022-08-20T08:13:59Z">
          <reporter-output>
          </reporter-output>
        </test-method> <!-- verifySuccessfulCustomerRegistration -->
        <test-method status="PASS" signature="clearCookiesAndLocalStorage()[pri:0, instance:tests.registration.RegistrationTests@743cb8e0]" name="clearCookiesAndLocalStorage" is-config="true" duration-ms="186" started-at="2022-08-20T08:13:59Z" finished-at="2022-08-20T08:14:00Z">
          <reporter-output>
          </reporter-output>
        </test-method> <!-- clearCookiesAndLocalStorage -->
        <test-method status="PASS" signature="afterSuite()[pri:0, instance:tests.registration.RegistrationTests@743cb8e0]" name="afterSuite" is-config="true" duration-ms="662" started-at="2022-08-20T08:14:00Z" finished-at="2022-08-20T08:14:00Z">
          <reporter-output>
          </reporter-output>
        </test-method> <!-- afterSuite -->
      </class> <!-- tests.registration.RegistrationTests -->
    </test> <!-- RegistrationTests -->
  </suite> <!-- RegistrationTests -->
</testng-results>
